[debug] [2023-03-25T04:40:44.443Z] ----------------------------------------------------------------------
[debug] [2023-03-25T04:40:44.448Z] Command:       C:\Program Files\nodejs\node.exe C:\Users\hik8h\AppData\Roaming\npm\node_modules\firebase-tools\lib\bin\firebase.js init
[debug] [2023-03-25T04:40:44.449Z] CLI Version:   11.9.0
[debug] [2023-03-25T04:40:44.449Z] Platform:      win32
[debug] [2023-03-25T04:40:44.450Z] Node Version:  v18.14.2
[debug] [2023-03-25T04:40:44.451Z] Time:          Sat Mar 25 2023 04:40:44 GMT+0000 (Greenwich Mean Time)
[debug] [2023-03-25T04:40:44.452Z] ----------------------------------------------------------------------
[debug] 
[debug] [2023-03-25T04:40:44.459Z] >>> [apiv2][query] GET https://firebase-public.firebaseio.com/cli.json [none]
[debug] [2023-03-25T04:40:44.590Z] > command requires scopes: ["email","openid","https://www.googleapis.com/auth/cloudplatformprojects.readonly","https://www.googleapis.com/auth/firebase","https://www.googleapis.com/auth/cloud-platform"]
[debug] [2023-03-25T04:40:44.591Z] > authorizing via signed-in user (hik8hik@gmail.com)
[info] 
     ######## #### ########  ######## ########     ###     ######  ########
     ##        ##  ##     ## ##       ##     ##  ##   ##  ##       ##
     ######    ##  ########  ######   ########  #########  ######  ######
     ##        ##  ##    ##  ##       ##     ## ##     ##       ## ##
     ##       #### ##     ## ######## ########  ##     ##  ######  ########

You're about to initialize a Firebase project in this directory:

  C:\Users\hik8h\Downloads\Compressed\dhan-gaadi\CRM

[debug] [2023-03-25T04:40:45.330Z] <<< [apiv2][status] GET https://firebase-public.firebaseio.com/cli.json 200
[debug] [2023-03-25T04:40:45.330Z] <<< [apiv2][body] GET https://firebase-public.firebaseio.com/cli.json {"cloudBuildErrorAfter":1594252800000,"cloudBuildWarnAfter":1590019200000,"defaultNode10After":1594252800000,"minVersion":"3.0.5","node8DeploysDisabledAfter":1613390400000,"node8RuntimeDisabledAfter":1615809600000,"node8WarnAfter":1600128000000}
